# JRE version: OpenJDK Runtime Environment Temurin-21.0.10+7 (21.0.10+7) (build 21.0.10+7-LTS)
# Java VM: OpenJDK 64-Bit Server VM Temurin-21.0.10+7 (21.0.10+7-LTS, mixed mode, sharing, tiered, compressed oops, compressed class ptrs, parallel gc, windows-amd64)
GC Precious Log:
 CardTable entry size: 512
 CPUs: 8 total, 8 available
 Memory: 15792M
 Large Page Support: Disabled
 NUMA Support: Disabled
 Compressed Oops: Enabled (32-bit)
 Alignments: Space 512K, Generation 512K, Heap 2M
 Heap Min Capacity: 100M
 Heap Initial Capacity: 100M
 Heap Max Capacity: 2G
 Pre-touch: Disabled
 Parallel Workers: 8
Heap:
 PSYoungGen      total 1536K, used 614K [0x00000000d5580000, 0x00000000d5800000, 0x0000000100000000)
  eden space 1024K, 38% used [0x00000000d5580000,0x00000000d55e18d0,0x00000000d5680000)
  from space 512K, 43% used [0x00000000d5780000,0x00000000d57b8000,0x00000000d5800000)
  to   space 512K, 0% used [0x00000000d5700000,0x00000000d5700000,0x00000000d5780000)
 ParOldGen       total 892416K, used 490651K [0x0000000080000000, 0x00000000b6780000, 0x00000000d5580000)
  object space 892416K, 54% used [0x0000000080000000,0x000000009df26ea8,0x00000000b6780000)
 Metaspace       used 84284K, committed 85952K, reserved 1179648K
  class space    used 8694K, committed 9408K, reserved 1048576K
GC Heap History (20 events):
Event: 252.226 GC heap before
{Heap before GC invocations=1541 (full 4):
 PSYoungGen      total 1536K, used 1448K [0x00000000d5580000, 0x00000000d5a80000, 0x0000000100000000)
  eden space 1024K, 92% used [0x00000000d5580000,0x00000000d566c570,0x00000000d5680000)
  from space 512K, 98% used [0x00000000d5880000,0x00000000d58fdd90,0x00000000d5900000)
  to   space 2048K, 0% used [0x00000000d5680000,0x00000000d5680000,0x00000000d5880000)
 ParOldGen       total 892416K, used 487518K [0x0000000080000000, 0x00000000b6780000, 0x00000000d5580000)
  object space 892416K, 54% used [0x0000000080000000,0x000000009dc17888,0x00000000b6780000)
 Metaspace       used 84170K, committed 85824K, reserved 1179648K
  class space    used 8690K, committed 9408K, reserved 1048576K
}
Event: 252.227 GC heap after
{Heap after GC invocations=1541 (full 4):
 PSYoungGen      total 2048K, used 888K [0x00000000d5580000, 0x00000000d5980000, 0x0000000100000000)
  eden space 1024K, 0% used [0x00000000d5580000,0x00000000d5580000,0x00000000d5680000)
  from space 1024K, 86% used [0x00000000d5680000,0x00000000d575e138,0x00000000d5780000)
  to   space 1536K, 0% used [0x00000000d5800000,0x00000000d5800000,0x00000000d5980000)
 ParOldGen       total 892416K, used 488002K [0x0000000080000000, 0x00000000b6780000, 0x00000000d5580000)
  object space 892416K, 54% used [0x0000000080000000,0x000000009dc909f8,0x00000000b6780000)
 Metaspace       used 84170K, committed 85824K, reserved 1179648K
  class space    used 8690K, committed 9408K, reserved 1048576K
}
Event: 252.305 GC heap before
{Heap before GC invocations=1542 (full 4):
 PSYoungGen      total 2048K, used 1912K [0x00000000d5580000, 0x00000000d5980000, 0x0000000100000000)
  eden space 1024K, 100% used [0x00000000d5580000,0x00000000d5680000,0x00000000d5680000)
  from space 1024K, 86% used [0x00000000d5680000,0x00000000d575e138,0x00000000d5780000)
  to   space 1536K, 0% used [0x00000000d5800000,0x00000000d5800000,0x00000000d5980000)
 ParOldGen       total 892416K, used 488002K [0x0000000080000000, 0x00000000b6780000, 0x00000000d5580000)
  object space 892416K, 54% used [0x0000000080000000,0x000000009dc909f8,0x00000000b6780000)
 Metaspace       used 84171K, committed 85824K, reserved 1179648K
  class space    used 8690K, committed 9408K, reserved 1048576K
}
Event: 252.307 GC heap after
{Heap after GC invocations=1542 (full 4):
 PSYoungGen      total 2048K, used 825K [0x00000000d5580000, 0x00000000d5900000, 0x0000000100000000)
  eden space 1024K, 0% used [0x00000000d5580000,0x00000000d5580000,0x00000000d5680000)
  from space 1024K, 80% used [0x00000000d5800000,0x00000000d58ce730,0x00000000d5900000)
  to   space 1024K, 0% used [0x00000000d5680000,0x00000000d5680000,0x00000000d5780000)
 ParOldGen       total 892416K, used 488748K [0x0000000080000000, 0x00000000b6780000, 0x00000000d5580000)
  object space 892416K, 54% used [0x0000000080000000,0x000000009dd4b330,0x00000000b6780000)
 Metaspace       used 84171K, committed 85824K, reserved 1179648K
  class space    used 8690K, committed 9408K, reserved 1048576K
}
Event: 252.328 GC heap before
{Heap before GC invocations=1543 (full 4):
 PSYoungGen      total 2048K, used 1849K [0x00000000d5580000, 0x00000000d5900000, 0x0000000100000000)
  eden space 1024K, 100% used [0x00000000d5580000,0x00000000d5680000,0x00000000d5680000)
  from space 1024K, 80% used [0x00000000d5800000,0x00000000d58ce730,0x00000000d5900000)
  to   space 1024K, 0% used [0x00000000d5680000,0x00000000d5680000,0x00000000d5780000)
 ParOldGen       total 892416K, used 488748K [0x0000000080000000, 0x00000000b6780000, 0x00000000d5580000)
  object space 892416K, 54% used [0x0000000080000000,0x000000009dd4b330,0x00000000b6780000)
 Metaspace       used 84171K, committed 85824K, reserved 1179648K
  class space    used 8690K, committed 9408K, reserved 1048576K
}
Event: 252.332 GC heap after
{Heap after GC invocations=1543 (full 4):
 PSYoungGen      total 2048K, used 736K [0x00000000d5580000, 0x00000000d5880000, 0x0000000100000000)
  eden space 1024K, 0% used [0x00000000d5580000,0x00000000d5580000,0x00000000d5680000)
  from space 1024K, 71% used [0x00000000d5680000,0x00000000d5738000,0x00000000d5780000)
  to   space 1024K, 0% used [0x00000000d5780000,0x00000000d5780000,0x00000000d5880000)
 ParOldGen       total 892416K, used 489515K [0x0000000080000000, 0x00000000b6780000, 0x00000000d5580000)
  object space 892416K, 54% used [0x0000000080000000,0x000000009de0aea8,0x00000000b6780000)
 Metaspace       used 84171K, committed 85824K, reserved 1179648K
  class space    used 8690K, committed 9408K, reserved 1048576K
}
Event: 252.355 GC heap before
{Heap before GC invocations=1544 (full 4):
 PSYoungGen      total 2048K, used 1760K [0x00000000d5580000, 0x00000000d5880000, 0x0000000100000000)
  eden space 1024K, 100% used [0x00000000d5580000,0x00000000d5680000,0x00000000d5680000)
  from space 1024K, 71% used [0x00000000d5680000,0x00000000d5738000,0x00000000d5780000)
  to   space 1024K, 0% used [0x00000000d5780000,0x00000000d5780000,0x00000000d5880000)
 ParOldGen       total 892416K, used 489515K [0x0000000080000000, 0x00000000b6780000, 0x00000000d5580000)
  object space 892416K, 54% used [0x0000000080000000,0x000000009de0aea8,0x00000000b6780000)
 Metaspace       used 84171K, committed 85824K, reserved 1179648K
  class space    used 8690K, committed 9408K, reserved 1048576K
}
Event: 252.357 GC heap after
{Heap after GC invocations=1544 (full 4):
 PSYoungGen      total 2048K, used 384K [0x00000000d5580000, 0x00000000d5880000, 0x0000000100000000)
  eden space 1024K, 0% used [0x00000000d5580000,0x00000000d5580000,0x00000000d5680000)
  from space 1024K, 37% used [0x00000000d5780000,0x00000000d57e0000,0x00000000d5880000)
  to   space 1024K, 0% used [0x00000000d5680000,0x00000000d5680000,0x00000000d5780000)
 ParOldGen       total 892416K, used 490091K [0x0000000080000000, 0x00000000b6780000, 0x00000000d5580000)
  object space 892416K, 54% used [0x0000000080000000,0x000000009de9aea8,0x00000000b6780000)
 Metaspace       used 84171K, committed 85824K, reserved 1179648K
  class space    used 8690K, committed 9408K, reserved 1048576K
}
Event: 316.600 GC heap before
{Heap before GC invocations=1545 (full 4):
 PSYoungGen      total 2048K, used 1408K [0x00000000d5580000, 0x00000000d5880000, 0x0000000100000000)
  eden space 1024K, 100% used [0x00000000d5580000,0x00000000d5680000,0x00000000d5680000)
  from space 1024K, 37% used [0x00000000d5780000,0x00000000d57e0000,0x00000000d5880000)
  to   space 1024K, 0% used [0x00000000d5680000,0x00000000d5680000,0x00000000d5780000)
 ParOldGen       total 892416K, used 490091K [0x0000000080000000, 0x00000000b6780000, 0x00000000d5580000)
  object space 892416K, 54% used [0x0000000080000000,0x000000009de9aea8,0x00000000b6780000)
 Metaspace       used 84177K, committed 85824K, reserved 1179648K
  class space    used 8691K, committed 9408K, reserved 1048576K
}
Event: 316.603 GC heap after
{Heap after GC invocations=1545 (full 4):
 PSYoungGen      total 2048K, used 320K [0x00000000d5580000, 0x00000000d5800000, 0x0000000100000000)
  eden space 1024K, 0% used [0x00000000d5580000,0x00000000d5580000,0x00000000d5680000)
  from space 1024K, 31% used [0x00000000d5680000,0x00000000d56d0000,0x00000000d5780000)
  to   space 512K, 0% used [0x00000000d5780000,0x00000000d5780000,0x00000000d5800000)
 ParOldGen       total 892416K, used 490299K [0x0000000080000000, 0x00000000b6780000, 0x00000000d5580000)
  object space 892416K, 54% used [0x0000000080000000,0x000000009deceea8,0x00000000b6780000)
 Metaspace       used 84177K, committed 85824K, reserved 1179648K
  class space    used 8691K, committed 9408K, reserved 1048576K
}
Event: 354.721 GC heap before
{Heap before GC invocations=1546 (full 4):
 PSYoungGen      total 2048K, used 1344K [0x00000000d5580000, 0x00000000d5800000, 0x0000000100000000)
  eden space 1024K, 100% used [0x00000000d5580000,0x00000000d5680000,0x00000000d5680000)
  from space 1024K, 31% used [0x00000000d5680000,0x00000000d56d0000,0x00000000d5780000)
  to   space 512K, 0% used [0x00000000d5780000,0x00000000d5780000,0x00000000d5800000)
 ParOldGen       total 892416K, used 490299K [0x0000000080000000, 0x00000000b6780000, 0x00000000d5580000)
  object space 892416K, 54% used [0x0000000080000000,0x000000009deceea8,0x00000000b6780000)
 Metaspace       used 84206K, committed 85824K, reserved 1179648K
  class space    used 8693K, committed 9408K, reserved 1048576K
}
Event: 354.724 GC heap after
{Heap after GC invocations=1546 (full 4):
 PSYoungGen      total 1536K, used 192K [0x00000000d5580000, 0x00000000d5800000, 0x0000000100000000)
  eden space 1024K, 0% used [0x00000000d5580000,0x00000000d5580000,0x00000000d5680000)
  from space 512K, 37% used [0x00000000d5780000,0x00000000d57b0000,0x00000000d5800000)
  to   space 512K, 0% used [0x00000000d5700000,0x00000000d5700000,0x00000000d5780000)
 ParOldGen       total 892416K, used 490459K [0x0000000080000000, 0x00000000b6780000, 0x00000000d5580000)
  object space 892416K, 54% used [0x0000000080000000,0x000000009def6ea8,0x00000000b6780000)
 Metaspace       used 84206K, committed 85824K, reserved 1179648K
  class space    used 8693K, committed 9408K, reserved 1048576K
}
Event: 356.772 GC heap before
{Heap before GC invocations=1547 (full 4):
 PSYoungGen      total 1536K, used 1216K [0x00000000d5580000, 0x00000000d5800000, 0x0000000100000000)
  eden space 1024K, 100% used [0x00000000d5580000,0x00000000d5680000,0x00000000d5680000)
  from space 512K, 37% used [0x00000000d5780000,0x00000000d57b0000,0x00000000d5800000)
  to   space 512K, 0% used [0x00000000d5700000,0x00000000d5700000,0x00000000d5780000)
 ParOldGen       total 892416K, used 490459K [0x0000000080000000, 0x00000000b6780000, 0x00000000d5580000)
  object space 892416K, 54% used [0x0000000080000000,0x000000009def6ea8,0x00000000b6780000)
 Metaspace       used 84210K, committed 85824K, reserved 1179648K
  class space    used 8694K, committed 9408K, reserved 1048576K
}
Event: 356.773 GC heap after
{Heap after GC invocations=1547 (full 4):
 PSYoungGen      total 1536K, used 192K [0x00000000d5580000, 0x00000000d5800000, 0x0000000100000000)
  eden space 1024K, 0% used [0x00000000d5580000,0x00000000d5580000,0x00000000d5680000)
  from space 512K, 37% used [0x00000000d5700000,0x00000000d5730000,0x00000000d5780000)
  to   space 512K, 0% used [0x00000000d5780000,0x00000000d5780000,0x00000000d5800000)
 ParOldGen       total 892416K, used 490507K [0x0000000080000000, 0x00000000b6780000, 0x00000000d5580000)
  object space 892416K, 54% used [0x0000000080000000,0x000000009df02ea8,0x00000000b6780000)
 Metaspace       used 84210K, committed 85824K, reserved 1179648K
  class space    used 8694K, committed 9408K, reserved 1048576K
}
Event: 364.558 GC heap before
{Heap before GC invocations=1548 (full 4):
 PSYoungGen      total 1536K, used 1215K [0x00000000d5580000, 0x00000000d5800000, 0x0000000100000000)
  eden space 1024K, 99% used [0x00000000d5580000,0x00000000d567ffd8,0x00000000d5680000)
  from space 512K, 37% used [0x00000000d5700000,0x00000000d5730000,0x00000000d5780000)
  to   space 512K, 0% used [0x00000000d5780000,0x00000000d5780000,0x00000000d5800000)
 ParOldGen       total 892416K, used 490507K [0x0000000080000000, 0x00000000b6780000, 0x00000000d5580000)
  object space 892416K, 54% used [0x0000000080000000,0x000000009df02ea8,0x00000000b6780000)
 Metaspace       used 84215K, committed 85888K, reserved 1179648K
  class space    used 8694K, committed 9408K, reserved 1048576K
}
Event: 364.560 GC heap after
{Heap after GC invocations=1548 (full 4):
 PSYoungGen      total 1536K, used 192K [0x00000000d5580000, 0x00000000d5800000, 0x0000000100000000)
  eden space 1024K, 0% used [0x00000000d5580000,0x00000000d5580000,0x00000000d5680000)
  from space 512K, 37% used [0x00000000d5780000,0x00000000d57b0000,0x00000000d5800000)
  to   space 512K, 0% used [0x00000000d5700000,0x00000000d5700000,0x00000000d5780000)
 ParOldGen       total 892416K, used 490579K [0x0000000080000000, 0x00000000b6780000, 0x00000000d5580000)
  object space 892416K, 54% used [0x0000000080000000,0x000000009df14ea8,0x00000000b6780000)
 Metaspace       used 84215K, committed 85888K, reserved 1179648K
  class space    used 8694K, committed 9408K, reserved 1048576K
}
Event: 441.235 GC heap before
{Heap before GC invocations=1549 (full 4):
 PSYoungGen      total 1536K, used 1216K [0x00000000d5580000, 0x00000000d5800000, 0x0000000100000000)
  eden space 1024K, 100% used [0x00000000d5580000,0x00000000d5680000,0x00000000d5680000)
  from space 512K, 37% used [0x00000000d5780000,0x00000000d57b0000,0x00000000d5800000)
  to   space 512K, 0% used [0x00000000d5700000,0x00000000d5700000,0x00000000d5780000)
 ParOldGen       total 892416K, used 490579K [0x0000000080000000, 0x00000000b6780000, 0x00000000d5580000)
  object space 892416K, 54% used [0x0000000080000000,0x000000009df14ea8,0x00000000b6780000)
 Metaspace       used 84223K, committed 85888K, reserved 1179648K
  class space    used 8694K, committed 9408K, reserved 1048576K
}
Event: 441.237 GC heap after
{Heap after GC invocations=1549 (full 4):
 PSYoungGen      total 1536K, used 192K [0x00000000d5580000, 0x00000000d5800000, 0x0000000100000000)
  eden space 1024K, 0% used [0x00000000d5580000,0x00000000d5580000,0x00000000d5680000)
  from space 512K, 37% used [0x00000000d5700000,0x00000000d5730000,0x00000000d5780000)
  to   space 512K, 0% used [0x00000000d5780000,0x00000000d5780000,0x00000000d5800000)
 ParOldGen       total 892416K, used 490643K [0x0000000080000000, 0x00000000b6780000, 0x00000000d5580000)
  object space 892416K, 54% used [0x0000000080000000,0x000000009df24ea8,0x00000000b6780000)
 Metaspace       used 84223K, committed 85888K, reserved 1179648K
  class space    used 8694K, committed 9408K, reserved 1048576K
}
Event: 3016.797 GC heap before
{Heap before GC invocations=1550 (full 4):
 PSYoungGen      total 1536K, used 1215K [0x00000000d5580000, 0x00000000d5800000, 0x0000000100000000)
  eden space 1024K, 99% used [0x00000000d5580000,0x00000000d567fff0,0x00000000d5680000)
  from space 512K, 37% used [0x00000000d5700000,0x00000000d5730000,0x00000000d5780000)
  to   space 512K, 0% used [0x00000000d5780000,0x00000000d5780000,0x00000000d5800000)
 ParOldGen       total 892416K, used 490643K [0x0000000080000000, 0x00000000b6780000, 0x00000000d5580000)
  object space 892416K, 54% used [0x0000000080000000,0x000000009df24ea8,0x00000000b6780000)
 Metaspace       used 84256K, committed 85888K, reserved 1179648K
  class space    used 8694K, committed 9408K, reserved 1048576K
}
Event: 3017.210 GC heap after
{Heap after GC invocations=1550 (full 4):
 PSYoungGen      total 1536K, used 224K [0x00000000d5580000, 0x00000000d5800000, 0x0000000100000000)
  eden space 1024K, 0% used [0x00000000d5580000,0x00000000d5580000,0x00000000d5680000)
  from space 512K, 43% used [0x00000000d5780000,0x00000000d57b8000,0x00000000d5800000)
  to   space 512K, 0% used [0x00000000d5700000,0x00000000d5700000,0x00000000d5780000)
 ParOldGen       total 892416K, used 490651K [0x0000000080000000, 0x00000000b6780000, 0x00000000d5580000)
  object space 892416K, 54% used [0x0000000080000000,0x000000009df26ea8,0x00000000b6780000)
 Metaspace       used 84256K, committed 85888K, reserved 1179648K
  class space    used 8694K, committed 9408K, reserved 1048576K
}

